<?xml version="1.0" encoding="UTF-8"?>
<testsuite name="gmbs.util.RandomNumberGeneratorTest" tests="1" skipped="0" failures="0" errors="0" timestamp="2023-01-06T03:16:55" hostname="jochan-uui-MacBookPro.local" time="0.102">
  <properties/>
  <testcase name="일의자리가_0이_아니고_중복없는_세자리_수가_생성된다()" classname="gmbs.util.RandomNumberGeneratorTest" time="0.102"/>
  <system-out><![CDATA[]]></system-out>
  <system-err><![CDATA[]]></system-err>
</testsuite>
